<?xml version="1.0" encoding="UTF-8"?>
<!-- Generated by org.testng.reporters.JUnitReportReporter -->
<testsuite skipped="0" hostname="AnrinoiMac" name="selenium.TestNGParallelTests" tests="2" failures="0" timestamp="19 May 2020 22:45:09 GMT" time="264.756" errors="2">
  <testcase name="calcTest" time="131.615" classname="selenium.TestNGParallelTests">
    <error type="org.openqa.selenium.WebDriverException" message="unknown error: DevToolsActivePort file doesn&#039;t exist
Build info: version: &#039;3.141.59&#039;, revision: &#039;e82be7d358&#039;, time: &#039;2018-11-14T08:25:53&#039;
System info: host: &#039;AnrinoiMac&#039;, ip: &#039;192.168.1.147&#039;, os.name: &#039;Mac OS X&#039;, os.arch: &#039;x86_64&#039;, os.version: &#039;10.15.4&#039;, java.version: &#039;1.8.0_131&#039;
Driver info: driver.version: ChromeDriver
remote stacktrace: 0   chromedriver                        0x00000001053db269 chromedriver + 4674153
1   chromedriver                        0x0000000105375593 chromedriver + 4257171
2   chromedriver                        0x000000010501efcf chromedriver + 757711
3   chromedriver                        0x0000000104f7e513 chromedriver + 99603
4   chromedriver                        0x0000000104f7b123 chromedriver + 86307
5   chromedriver                        0x0000000104faa3c3 chromedriver + 279491
6   chromedriver                        0x0000000104fa71d3 chromedriver + 266707
7   chromedriver                        0x0000000104f811dd chromedriver + 111069
8   chromedriver                        0x0000000104f82185 chromedriver + 115077
9   chromedriver                        0x000000010539cfff chromedriver + 4419583
10  chromedriver                        0x00000001053aa7ba chromedriver + 4474810
11  chromedriver                        0x00000001053aa557 chromedriver + 4474199
12  chromedriver                        0x0000000105381149 chromedriver + 4305225
13  chromedriver                        0x00000001053ab067 chromedriver + 4477031
14  chromedriver                        0x0000000105392d87 chromedriver + 4377991
15  chromedriver                        0x00000001053c12d4 chromedriver + 4567764
16  chromedriver                        0x00000001053e11f7 chromedriver + 4698615
17  libsystem_pthread.dylib             0x00007fff6ad6e109 _pthread_start + 148
18  libsystem_pthread.dylib             0x00007fff6ad69b8b thread_start + 15
">
      <![CDATA[org.openqa.selenium.WebDriverException: unknown error: DevToolsActivePort file doesn't exist
Build info: version: '3.141.59', revision: 'e82be7d358', time: '2018-11-14T08:25:53'
System info: host: 'AnrinoiMac', ip: '192.168.1.147', os.name: 'Mac OS X', os.arch: 'x86_64', os.version: '10.15.4', java.version: '1.8.0_131'
Driver info: driver.version: ChromeDriver
remote stacktrace: 0   chromedriver                        0x00000001053db269 chromedriver + 4674153
1   chromedriver                        0x0000000105375593 chromedriver + 4257171
2   chromedriver                        0x000000010501efcf chromedriver + 757711
3   chromedriver                        0x0000000104f7e513 chromedriver + 99603
4   chromedriver                        0x0000000104f7b123 chromedriver + 86307
5   chromedriver                        0x0000000104faa3c3 chromedriver + 279491
6   chromedriver                        0x0000000104fa71d3 chromedriver + 266707
7   chromedriver                        0x0000000104f811dd chromedriver + 111069
8   chromedriver                        0x0000000104f82185 chromedriver + 115077
9   chromedriver                        0x000000010539cfff chromedriver + 4419583
10  chromedriver                        0x00000001053aa7ba chromedriver + 4474810
11  chromedriver                        0x00000001053aa557 chromedriver + 4474199
12  chromedriver                        0x0000000105381149 chromedriver + 4305225
13  chromedriver                        0x00000001053ab067 chromedriver + 4477031
14  chromedriver                        0x0000000105392d87 chromedriver + 4377991
15  chromedriver                        0x00000001053c12d4 chromedriver + 4567764
16  chromedriver                        0x00000001053e11f7 chromedriver + 4698615
17  libsystem_pthread.dylib             0x00007fff6ad6e109 _pthread_start + 148
18  libsystem_pthread.dylib             0x00007fff6ad69b8b thread_start + 15

at sun.reflect.NativeConstructorAccessorImpl.newInstance0(Native Method)
at sun.reflect.NativeConstructorAccessorImpl.newInstance(NativeConstructorAccessorImpl.java:62)
at sun.reflect.DelegatingConstructorAccessorImpl.newInstance(DelegatingConstructorAccessorImpl.java:45)
at java.lang.reflect.Constructor.newInstance(Constructor.java:423)
at org.openqa.selenium.remote.W3CHandshakeResponse.lambda$errorHandler$0(W3CHandshakeResponse.java:62)
at org.openqa.selenium.remote.HandshakeResponse.lambda$getResponseFunction$0(HandshakeResponse.java:30)
at org.openqa.selenium.remote.ProtocolHandshake.lambda$createSession$0(ProtocolHandshake.java:126)
at java.util.stream.ReferencePipeline$3$1.accept(ReferencePipeline.java:193)
at java.util.Spliterators$ArraySpliterator.tryAdvance(Spliterators.java:958)
at java.util.stream.ReferencePipeline.forEachWithCancel(ReferencePipeline.java:126)
at java.util.stream.AbstractPipeline.copyIntoWithCancel(AbstractPipeline.java:498)
at java.util.stream.AbstractPipeline.copyInto(AbstractPipeline.java:485)
at java.util.stream.AbstractPipeline.wrapAndCopyInto(AbstractPipeline.java:471)
at java.util.stream.FindOps$FindOp.evaluateSequential(FindOps.java:152)
at java.util.stream.AbstractPipeline.evaluate(AbstractPipeline.java:234)
at java.util.stream.ReferencePipeline.findFirst(ReferencePipeline.java:464)
at org.openqa.selenium.remote.ProtocolHandshake.createSession(ProtocolHandshake.java:128)
at org.openqa.selenium.remote.ProtocolHandshake.createSession(ProtocolHandshake.java:74)
at org.openqa.selenium.remote.HttpCommandExecutor.execute(HttpCommandExecutor.java:136)
at org.openqa.selenium.remote.service.DriverCommandExecutor.execute(DriverCommandExecutor.java:83)
at org.openqa.selenium.remote.RemoteWebDriver.execute(RemoteWebDriver.java:552)
at org.openqa.selenium.remote.RemoteWebDriver.startSession(RemoteWebDriver.java:213)
at org.openqa.selenium.remote.RemoteWebDriver.<init>(RemoteWebDriver.java:131)
at org.openqa.selenium.chrome.ChromeDriver.<init>(ChromeDriver.java:181)
at org.openqa.selenium.chrome.ChromeDriver.<init>(ChromeDriver.java:168)
at org.openqa.selenium.chrome.ChromeDriver.<init>(ChromeDriver.java:123)
at selenium.TestNGParallelTests.calcTest(TestNGParallelTests.java:20)
at sun.reflect.NativeMethodAccessorImpl.invoke0(Native Method)
at sun.reflect.NativeMethodAccessorImpl.invoke(NativeMethodAccessorImpl.java:62)
at sun.reflect.DelegatingMethodAccessorImpl.invoke(DelegatingMethodAccessorImpl.java:43)
at java.lang.reflect.Method.invoke(Method.java:498)
at org.testng.internal.MethodInvocationHelper.invokeMethod(MethodInvocationHelper.java:124)
at org.testng.internal.Invoker.invokeMethod(Invoker.java:583)
at org.testng.internal.Invoker.invokeTestMethod(Invoker.java:719)
at org.testng.internal.Invoker.invokeTestMethods(Invoker.java:989)
at org.testng.internal.TestMethodWorker.invokeTestMethods(TestMethodWorker.java:125)
at org.testng.internal.TestMethodWorker.run(TestMethodWorker.java:109)
at java.util.concurrent.ThreadPoolExecutor.runWorker(ThreadPoolExecutor.java:1142)
at java.util.concurrent.ThreadPoolExecutor$Worker.run(ThreadPoolExecutor.java:617)
at java.lang.Thread.run(Thread.java:748)
]]>
    </error>
  </testcase> <!-- calcTest -->
  <testcase name="searchTest" time="133.141" classname="selenium.TestNGParallelTests">
    <error type="org.openqa.selenium.WebDriverException" message="unknown error: DevToolsActivePort file doesn&#039;t exist
Build info: version: &#039;3.141.59&#039;, revision: &#039;e82be7d358&#039;, time: &#039;2018-11-14T08:25:53&#039;
System info: host: &#039;AnrinoiMac&#039;, ip: &#039;192.168.1.147&#039;, os.name: &#039;Mac OS X&#039;, os.arch: &#039;x86_64&#039;, os.version: &#039;10.15.4&#039;, java.version: &#039;1.8.0_131&#039;
Driver info: driver.version: ChromeDriver
remote stacktrace: 0   chromedriver                        0x000000010d47e269 chromedriver + 4674153
1   chromedriver                        0x000000010d418593 chromedriver + 4257171
2   chromedriver                        0x000000010d0c1fcf chromedriver + 757711
3   chromedriver                        0x000000010d021513 chromedriver + 99603
4   chromedriver                        0x000000010d01e123 chromedriver + 86307
5   chromedriver                        0x000000010d04d3c3 chromedriver + 279491
6   chromedriver                        0x000000010d04a1d3 chromedriver + 266707
7   chromedriver                        0x000000010d0241dd chromedriver + 111069
8   chromedriver                        0x000000010d025185 chromedriver + 115077
9   chromedriver                        0x000000010d43ffff chromedriver + 4419583
10  chromedriver                        0x000000010d44d7ba chromedriver + 4474810
11  chromedriver                        0x000000010d44d557 chromedriver + 4474199
12  chromedriver                        0x000000010d424149 chromedriver + 4305225
13  chromedriver                        0x000000010d44e067 chromedriver + 4477031
14  chromedriver                        0x000000010d435d87 chromedriver + 4377991
15  chromedriver                        0x000000010d4642d4 chromedriver + 4567764
16  chromedriver                        0x000000010d4841f7 chromedriver + 4698615
17  libsystem_pthread.dylib             0x00007fff6ad6e109 _pthread_start + 148
18  libsystem_pthread.dylib             0x00007fff6ad69b8b thread_start + 15
">
      <![CDATA[org.openqa.selenium.WebDriverException: unknown error: DevToolsActivePort file doesn't exist
Build info: version: '3.141.59', revision: 'e82be7d358', time: '2018-11-14T08:25:53'
System info: host: 'AnrinoiMac', ip: '192.168.1.147', os.name: 'Mac OS X', os.arch: 'x86_64', os.version: '10.15.4', java.version: '1.8.0_131'
Driver info: driver.version: ChromeDriver
remote stacktrace: 0   chromedriver                        0x000000010d47e269 chromedriver + 4674153
1   chromedriver                        0x000000010d418593 chromedriver + 4257171
2   chromedriver                        0x000000010d0c1fcf chromedriver + 757711
3   chromedriver                        0x000000010d021513 chromedriver + 99603
4   chromedriver                        0x000000010d01e123 chromedriver + 86307
5   chromedriver                        0x000000010d04d3c3 chromedriver + 279491
6   chromedriver                        0x000000010d04a1d3 chromedriver + 266707
7   chromedriver                        0x000000010d0241dd chromedriver + 111069
8   chromedriver                        0x000000010d025185 chromedriver + 115077
9   chromedriver                        0x000000010d43ffff chromedriver + 4419583
10  chromedriver                        0x000000010d44d7ba chromedriver + 4474810
11  chromedriver                        0x000000010d44d557 chromedriver + 4474199
12  chromedriver                        0x000000010d424149 chromedriver + 4305225
13  chromedriver                        0x000000010d44e067 chromedriver + 4477031
14  chromedriver                        0x000000010d435d87 chromedriver + 4377991
15  chromedriver                        0x000000010d4642d4 chromedriver + 4567764
16  chromedriver                        0x000000010d4841f7 chromedriver + 4698615
17  libsystem_pthread.dylib             0x00007fff6ad6e109 _pthread_start + 148
18  libsystem_pthread.dylib             0x00007fff6ad69b8b thread_start + 15

at sun.reflect.NativeConstructorAccessorImpl.newInstance0(Native Method)
at sun.reflect.NativeConstructorAccessorImpl.newInstance(NativeConstructorAccessorImpl.java:62)
at sun.reflect.DelegatingConstructorAccessorImpl.newInstance(DelegatingConstructorAccessorImpl.java:45)
at java.lang.reflect.Constructor.newInstance(Constructor.java:423)
at org.openqa.selenium.remote.W3CHandshakeResponse.lambda$errorHandler$0(W3CHandshakeResponse.java:62)
at org.openqa.selenium.remote.HandshakeResponse.lambda$getResponseFunction$0(HandshakeResponse.java:30)
at org.openqa.selenium.remote.ProtocolHandshake.lambda$createSession$0(ProtocolHandshake.java:126)
at java.util.stream.ReferencePipeline$3$1.accept(ReferencePipeline.java:193)
at java.util.Spliterators$ArraySpliterator.tryAdvance(Spliterators.java:958)
at java.util.stream.ReferencePipeline.forEachWithCancel(ReferencePipeline.java:126)
at java.util.stream.AbstractPipeline.copyIntoWithCancel(AbstractPipeline.java:498)
at java.util.stream.AbstractPipeline.copyInto(AbstractPipeline.java:485)
at java.util.stream.AbstractPipeline.wrapAndCopyInto(AbstractPipeline.java:471)
at java.util.stream.FindOps$FindOp.evaluateSequential(FindOps.java:152)
at java.util.stream.AbstractPipeline.evaluate(AbstractPipeline.java:234)
at java.util.stream.ReferencePipeline.findFirst(ReferencePipeline.java:464)
at org.openqa.selenium.remote.ProtocolHandshake.createSession(ProtocolHandshake.java:128)
at org.openqa.selenium.remote.ProtocolHandshake.createSession(ProtocolHandshake.java:74)
at org.openqa.selenium.remote.HttpCommandExecutor.execute(HttpCommandExecutor.java:136)
at org.openqa.selenium.remote.service.DriverCommandExecutor.execute(DriverCommandExecutor.java:83)
at org.openqa.selenium.remote.RemoteWebDriver.execute(RemoteWebDriver.java:552)
at org.openqa.selenium.remote.RemoteWebDriver.startSession(RemoteWebDriver.java:213)
at org.openqa.selenium.remote.RemoteWebDriver.<init>(RemoteWebDriver.java:131)
at org.openqa.selenium.chrome.ChromeDriver.<init>(ChromeDriver.java:181)
at org.openqa.selenium.chrome.ChromeDriver.<init>(ChromeDriver.java:168)
at org.openqa.selenium.chrome.ChromeDriver.<init>(ChromeDriver.java:123)
at selenium.TestNGParallelTests.searchTest(TestNGParallelTests.java:33)
at sun.reflect.NativeMethodAccessorImpl.invoke0(Native Method)
at sun.reflect.NativeMethodAccessorImpl.invoke(NativeMethodAccessorImpl.java:62)
at sun.reflect.DelegatingMethodAccessorImpl.invoke(DelegatingMethodAccessorImpl.java:43)
at java.lang.reflect.Method.invoke(Method.java:498)
at org.testng.internal.MethodInvocationHelper.invokeMethod(MethodInvocationHelper.java:124)
at org.testng.internal.Invoker.invokeMethod(Invoker.java:583)
at org.testng.internal.Invoker.invokeTestMethod(Invoker.java:719)
at org.testng.internal.Invoker.invokeTestMethods(Invoker.java:989)
at org.testng.internal.TestMethodWorker.invokeTestMethods(TestMethodWorker.java:125)
at org.testng.internal.TestMethodWorker.run(TestMethodWorker.java:109)
at java.util.concurrent.ThreadPoolExecutor.runWorker(ThreadPoolExecutor.java:1142)
at java.util.concurrent.ThreadPoolExecutor$Worker.run(ThreadPoolExecutor.java:617)
at java.lang.Thread.run(Thread.java:748)
]]>
    </error>
  </testcase> <!-- searchTest -->
</testsuite> <!-- selenium.TestNGParallelTests -->
